#
# There is insufficient memory for the Java Runtime Environment to continue.
# Native memory allocation (malloc) failed to allocate 32744 bytes for ChunkPool::allocate
# Possible reasons:
#   The system is out of physical RAM or swap space
#   The process is running with CompressedOops enabled, and the Java Heap may be blocking the growth of the native heap
# Possible solutions:
#   Reduce memory load on the system
#   Increase physical memory or swap space
#   Check if swap backing store is full
#   Decrease Java heap size (-Xmx/-Xms)
#   Decrease number of Java threads
#   Decrease Java thread stack sizes (-Xss)
#   Set larger code cache with -XX:ReservedCodeCacheSize=
#   JVM is running with Unscaled Compressed Oops mode in which the Java heap is
#     placed in the first 4GB address space. The Java Heap base address is the
#     maximum limit for the native heap growth. Please use -XX:HeapBaseMinAddress
#     to set the Java Heap base and to place the Java Heap above 4GB virtual address.
# This output file may be truncated or incomplete.
#
#  Out of Memory Error (t:/workspace/open/src/hotspot/share/memory/arena.cpp:81), pid=19024, tid=2372
#
# JRE version: Java(TM) SE Runtime Environment (12.0.2+10) (build 12.0.2+10)
# Java VM: Java HotSpot(TM) 64-Bit Server VM (12.0.2+10, mixed mode, sharing, tiered, compressed oops, g1 gc, windows-amd64)
# No core dump will be written. Minidumps are not enabled by default on client versions of Windows
#

---------------  S U M M A R Y ------------

Command Line: -agentlib:jdwp=transport=dt_socket,suspend=y,address=localhost:61114 -javaagent:C:\Users\user\eclipse\java-2021-06\eclipse\configuration\org.eclipse.osgi\222\0\.cp\lib\javaagent-shaded.jar -Dfile.encoding=UTF-8 com.basic.udmy.webflux.WebfluxApplication

Host: Intel(R) Core(TM) i5-4200U CPU @ 1.60GHz, 4 cores, 7G,  Windows 10 , 64 bit Build 19041 (10.0.19041.1466)
Time: Sun Mar 20 15:35:30 2022 India Standard Time elapsed time: 11 seconds (0d 0h 0m 11s)

---------------  T H R E A D  ---------------

Current thread (0x0000020e7f58d000):  JavaThread "C2 CompilerThread1" daemon [_thread_in_native, id=2372, stack(0x0000008b53800000,0x0000008b53900000)]


Current CompileTask:
C2:  11455 3414 %     4       org.eclipse.jdt.launching.internal.org.objectweb.asm.ClassReader::readCode @ 2185 (5109 bytes)

Stack: [0x0000008b53800000,0x0000008b53900000]
Native frames: (J=compiled Java code, j=interpreted, Vv=VM code, C=native code)
V  [jvm.dll+0x63aa2a]
V  [jvm.dll+0x78ce1e]
V  [jvm.dll+0x78e4c1]
V  [jvm.dll+0x78eb13]
V  [jvm.dll+0x2627e8]
V  [jvm.dll+0xc57f6]
V  [jvm.dll+0xc5b4c]
V  [jvm.dll+0x37f62d]
V  [jvm.dll+0x53ab84]
V  [jvm.dll+0x1af2e5]
V  [jvm.dll+0x21c312]
V  [jvm.dll+0x21b3da]
V  [jvm.dll+0x199a20]
V  [jvm.dll+0x22a744]
V  [jvm.dll+0x228d98]
V  [jvm.dll+0x7512a0]
V  [jvm.dll+0x74a2c8]
V  [jvm.dll+0x639b16]
C  [ucrtbase.dll+0x21bb2]
C  [KERNEL32.DLL+0x17034]
C  [ntdll.dll+0x52651]


---------------  P R O C E S S  ---------------

Threads class SMR info:
_java_thread_list=0x0000020e03286b70, length=19, elements={
0x0000020e7e9a6000, 0x0000020e7e9aa000, 0x0000020e7e9c0000, 0x0000020e7e9c3800,
0x0000020e7e9c5800, 0x0000020e7e9ce000, 0x0000020e7e9dc800, 0x0000020e7f3ee000,
0x0000020e7f4ca000, 0x0000020e7f541000, 0x0000020e7f568000, 0x0000020e7f3ef800,
0x0000020e7f3f0800, 0x0000020e7f3eb800, 0x0000020e7f3ed000, 0x0000020e7f3ec000,
0x0000020e7f3ea800, 0x0000020e7f3f1000, 0x0000020e7f58d000
}

Java Threads: ( => current thread )
  0x0000020e7e9a6000 JavaThread "Reference Handler" daemon [_thread_blocked, id=11504, stack(0x0000008b52300000,0x0000008b52400000)]
  0x0000020e7e9aa000 JavaThread "Finalizer" daemon [_thread_blocked, id=16492, stack(0x0000008b52400000,0x0000008b52500000)]
  0x0000020e7e9c0000 JavaThread "Signal Dispatcher" daemon [_thread_blocked, id=12932, stack(0x0000008b52500000,0x0000008b52600000)]
  0x0000020e7e9c3800 JavaThread "Attach Listener" daemon [_thread_blocked, id=19312, stack(0x0000008b52600000,0x0000008b52700000)]
  0x0000020e7e9c5800 JavaThread "C2 CompilerThread0" daemon [_thread_in_native, id=744, stack(0x0000008b52700000,0x0000008b52800000)]
  0x0000020e7e9ce000 JavaThread "C1 CompilerThread0" daemon [_thread_blocked, id=12104, stack(0x0000008b52800000,0x0000008b52900000)]
  0x0000020e7e9dc800 JavaThread "Sweeper thread" daemon [_thread_blocked, id=19372, stack(0x0000008b52900000,0x0000008b52a00000)]
  0x0000020e7f3ee000 JavaThread "Common-Cleaner" daemon [_thread_blocked, id=10408, stack(0x0000008b52a00000,0x0000008b52b00000)]
  0x0000020e7f4ca000 JavaThread "JDWP Transport Listener: dt_socket" daemon [_thread_blocked, id=6184, stack(0x0000008b52b00000,0x0000008b52c00000)]
  0x0000020e7f541000 JavaThread "JDWP Event Helper Thread" daemon [_thread_blocked, id=17652, stack(0x0000008b52c00000,0x0000008b52d00000)]
  0x0000020e7f568000 JavaThread "JDWP Command Reader" daemon [_thread_in_native, id=8328, stack(0x0000008b52d00000,0x0000008b52e00000)]
  0x0000020e7f3ef800 JavaThread "Service Thread" daemon [_thread_blocked, id=2220, stack(0x0000008b52e00000,0x0000008b52f00000)]
  0x0000020e7f3f0800 JavaThread "boundedElastic-evictor-1" daemon [_thread_blocked, id=14368, stack(0x0000008b53300000,0x0000008b53400000)]
  0x0000020e7f3eb800 JavaThread "reactor-http-nio-1" daemon [_thread_in_native, id=20460, stack(0x0000008b53000000,0x0000008b53100000)]
  0x0000020e7f3ed000 JavaThread "server" [_thread_blocked, id=13924, stack(0x0000008b53500000,0x0000008b53600000)]
  0x0000020e7f3ec000 JavaThread "DestroyJavaVM" [_thread_blocked, id=11252, stack(0x0000008b51c00000,0x0000008b51d00000)]
  0x0000020e7f3ea800 JavaThread "reactor-http-nio-2" daemon [_thread_in_native, id=10852, stack(0x0000008b53600000,0x0000008b53700000)]
  0x0000020e7f3f1000 JavaThread "reactor-http-nio-3" daemon [_thread_in_native, id=20088, stack(0x0000008b53700000,0x0000008b53800000)]
=>0x0000020e7f58d000 JavaThread "C2 CompilerThread1" daemon [_thread_in_native, id=2372, stack(0x0000008b53800000,0x0000008b53900000)]

Other Threads:
  0x0000020e7e9a2000 VMThread "VM Thread" [stack: 0x0000008b52200000,0x0000008b52300000] [id=14560]
  0x0000020e00186800 WatcherThread [stack: 0x0000008b52f00000,0x0000008b53000000] [id=15380]
  0x0000020e5e65e000 GCTaskThread "GC Thread#0" [stack: 0x0000008b51d00000,0x0000008b51e00000] [id=14424]
  0x0000020e001e3000 GCTaskThread "GC Thread#1" [stack: 0x0000008b53100000,0x0000008b53200000] [id=12736]
  0x0000020e00656800 GCTaskThread "GC Thread#2" [stack: 0x0000008b53200000,0x0000008b53300000] [id=9576]
  0x0000020e009c1800 GCTaskThread "GC Thread#3" [stack: 0x0000008b53400000,0x0000008b53500000] [id=8824]
  0x0000020e5e66b800 ConcurrentGCThread "G1 Main Marker" [stack: 0x0000008b51e00000,0x0000008b51f00000] [id=17016]
  0x0000020e5e66d000 ConcurrentGCThread "G1 Conc#0" [stack: 0x0000008b51f00000,0x0000008b52000000] [id=5656]
  0x0000020e7e830800 ConcurrentGCThread "G1 Refine#0" [stack: 0x0000008b52000000,0x0000008b52100000] [id=10876]
  0x0000020e7e831800 ConcurrentGCThread "G1 Young RemSet Sampling" [stack: 0x0000008b52100000,0x0000008b52200000] [id=18676]

Threads with active compile tasks:
C2 CompilerThread0  3415   !   4       jdk.internal.loader.BuiltinClassLoader::loadClassOrNull (143 bytes)
C2 CompilerThread1  3414 %     4       org.eclipse.jdt.launching.internal.org.objectweb.asm.ClassReader::readCode @ 2185 (5109 bytes)

VM state:not at safepoint (normal execution)

VM Mutex/Monitor currently owned by a thread: None

Heap address: 0x0000000081800000, size: 2024 MB, Compressed Oops mode: 32-bit
Narrow klass base: 0x0000000800000000, Narrow klass shift: 3
Compressed class space size: 1073741824 Address: 0x0000000801190000

Heap:
 garbage-first heap   total 51200K, used 30782K [0x0000000081800000, 0x0000000100000000)
  region size 1024K, 22 young (22528K), 2 survivors (2048K)
 Metaspace       used 33144K, capacity 34216K, committed 34480K, reserved 1079296K
  class space    used 4141K, capacity 4545K, committed 4608K, reserved 1048576K
Heap Regions: E=young(eden), S=young(survivor), O=old, HS=humongous(starts), HC=humongous(continues), CS=collection set, F=free, A=archive, TAMS=top-at-mark-start (previous, next)
|   0|0x0000000081800000, 0x0000000081900000, 0x0000000081900000|100%| O|  |TAMS 0x0000000081900000, 0x0000000081800000| Untracked 
|   1|0x0000000081900000, 0x0000000081a00000, 0x0000000081a00000|100%| O|  |TAMS 0x0000000081951a00, 0x0000000081900000| Untracked 
|   2|0x0000000081a00000, 0x0000000081b00000, 0x0000000081b00000|100%| O|  |TAMS 0x0000000081a00000, 0x0000000081a00000| Untracked 
|   3|0x0000000081b00000, 0x0000000081b52000, 0x0000000081c00000| 32%| O|  |TAMS 0x0000000081b00000, 0x0000000081b00000| Untracked 
|   4|0x0000000081c00000, 0x0000000081d00000, 0x0000000081d00000|100%| O|  |TAMS 0x0000000081c00000, 0x0000000081c00000| Untracked 
|   5|0x0000000081d00000, 0x0000000081e00000, 0x0000000081e00000|100%| O|  |TAMS 0x0000000081d00000, 0x0000000081d00000| Untracked 
|   6|0x0000000081e00000, 0x0000000081f00000, 0x0000000081f00000|100%| O|  |TAMS 0x0000000081e00000, 0x0000000081e00000| Untracked 
|   7|0x0000000081f00000, 0x0000000082000000, 0x0000000082000000|100%| O|  |TAMS 0x0000000081f00000, 0x0000000081f00000| Untracked 
|   8|0x0000000082000000, 0x0000000082100000, 0x0000000082100000|100%| O|  |TAMS 0x0000000082000000, 0x0000000082000000| Untracked 
|   9|0x0000000082100000, 0x0000000082200000, 0x0000000082200000|100%| O|  |TAMS 0x0000000082100000, 0x0000000082100000| Untracked 
|  10|0x0000000082200000, 0x00000000822d3600, 0x0000000082300000| 82%| O|  |TAMS 0x0000000082200000, 0x0000000082200000| Untracked 
|  11|0x0000000082300000, 0x0000000082300000, 0x0000000082400000|  0%| F|  |TAMS 0x0000000082300000, 0x0000000082300000| Untracked 
|  12|0x0000000082400000, 0x0000000082400000, 0x0000000082500000|  0%| F|  |TAMS 0x0000000082400000, 0x0000000082400000| Untracked 
|  13|0x0000000082500000, 0x0000000082500000, 0x0000000082600000|  0%| F|  |TAMS 0x0000000082500000, 0x0000000082500000| Untracked 
|  14|0x0000000082600000, 0x0000000082600000, 0x0000000082700000|  0%| F|  |TAMS 0x0000000082600000, 0x0000000082600000| Untracked 
|  15|0x0000000082700000, 0x0000000082700000, 0x0000000082800000|  0%| F|  |TAMS 0x0000000082700000, 0x0000000082700000| Untracked 
|  16|0x0000000082800000, 0x0000000082800000, 0x0000000082900000|  0%| F|  |TAMS 0x0000000082800000, 0x0000000082800000| Untracked 
|  17|0x0000000082900000, 0x0000000082900000, 0x0000000082a00000|  0%| F|  |TAMS 0x0000000082900000, 0x0000000082900000| Untracked 
|  18|0x0000000082a00000, 0x0000000082a00000, 0x0000000082b00000|  0%| F|  |TAMS 0x0000000082a00000, 0x0000000082a00000| Untracked 
|  19|0x0000000082b00000, 0x0000000082b00000, 0x0000000082c00000|  0%| F|  |TAMS 0x0000000082b00000, 0x0000000082b00000| Untracked 
|  20|0x0000000082c00000, 0x0000000082c00000, 0x0000000082d00000|  0%| F|  |TAMS 0x0000000082c00000, 0x0000000082c00000| Untracked 
|  21|0x0000000082d00000, 0x0000000082d00000, 0x0000000082e00000|  0%| F|  |TAMS 0x0000000082d00000, 0x0000000082d00000| Untracked 
|  22|0x0000000082e00000, 0x0000000082e00000, 0x0000000082f00000|  0%| F|  |TAMS 0x0000000082e00000, 0x0000000082e00000| Untracked 
|  23|0x0000000082f00000, 0x0000000082f00000, 0x0000000083000000|  0%| F|  |TAMS 0x0000000082f00000, 0x0000000082f00000| Untracked 
|  24|0x0000000083000000, 0x0000000083000000, 0x0000000083100000|  0%| F|  |TAMS 0x0000000083000000, 0x0000000083000000| Untracked 
|  25|0x0000000083100000, 0x0000000083100000, 0x0000000083200000|  0%| F|  |TAMS 0x0000000083100000, 0x0000000083100000| Untracked 
|  26|0x0000000083200000, 0x00000000832ea380, 0x0000000083300000| 91%| S|CS|TAMS 0x0000000083200000, 0x0000000083200000| Complete 
|  27|0x0000000083300000, 0x0000000083400000, 0x0000000083400000|100%| S|CS|TAMS 0x0000000083300000, 0x0000000083300000| Complete 
|  28|0x0000000083400000, 0x0000000083400000, 0x0000000083500000|  0%| F|  |TAMS 0x0000000083400000, 0x0000000083400000| Untracked 
|  29|0x0000000083500000, 0x0000000083500000, 0x0000000083600000|  0%| F|  |TAMS 0x0000000083500000, 0x0000000083500000| Untracked 
|  30|0x0000000083600000, 0x000000008368a6e0, 0x0000000083700000| 54%| E|  |TAMS 0x0000000083600000, 0x0000000083600000| Complete 
|  31|0x0000000083700000, 0x0000000083800000, 0x0000000083800000|100%| E|CS|TAMS 0x0000000083700000, 0x0000000083700000| Complete 
|  32|0x0000000083800000, 0x0000000083900000, 0x0000000083900000|100%| E|CS|TAMS 0x0000000083800000, 0x0000000083800000| Complete 
|  33|0x0000000083900000, 0x0000000083a00000, 0x0000000083a00000|100%| E|CS|TAMS 0x0000000083900000, 0x0000000083900000| Complete 
|  34|0x0000000083a00000, 0x0000000083b00000, 0x0000000083b00000|100%| E|CS|TAMS 0x0000000083a00000, 0x0000000083a00000| Complete 
|  35|0x0000000083b00000, 0x0000000083c00000, 0x0000000083c00000|100%| E|CS|TAMS 0x0000000083b00000, 0x0000000083b00000| Complete 
|  36|0x0000000083c00000, 0x0000000083d00000, 0x0000000083d00000|100%| E|CS|TAMS 0x0000000083c00000, 0x0000000083c00000| Complete 
|  37|0x0000000083d00000, 0x0000000083e00000, 0x0000000083e00000|100%| E|  |TAMS 0x0000000083d00000, 0x0000000083d00000| Complete 
|  38|0x0000000083e00000, 0x0000000083f00000, 0x0000000083f00000|100%| E|CS|TAMS 0x0000000083e00000, 0x0000000083e00000| Complete 
|  39|0x0000000083f00000, 0x0000000084000000, 0x0000000084000000|100%| E|CS|TAMS 0x0000000083f00000, 0x0000000083f00000| Complete 
|  40|0x0000000084000000, 0x0000000084100000, 0x0000000084100000|100%| E|CS|TAMS 0x0000000084000000, 0x0000000084000000| Complete 
|  41|0x0000000084100000, 0x0000000084200000, 0x0000000084200000|100%| E|CS|TAMS 0x0000000084100000, 0x0000000084100000| Complete 
|  42|0x0000000084200000, 0x0000000084300000, 0x0000000084300000|100%| E|CS|TAMS 0x0000000084200000, 0x0000000084200000| Complete 
|  43|0x0000000084300000, 0x0000000084400000, 0x0000000084400000|100%| E|CS|TAMS 0x0000000084300000, 0x0000000084300000| Complete 
|  85|0x0000000086d00000, 0x0000000086e00000, 0x0000000086e00000|100%| E|CS|TAMS 0x0000000086d00000, 0x0000000086d00000| Complete 
|  86|0x0000000086e00000, 0x0000000086f00000, 0x0000000086f00000|100%| E|CS|TAMS 0x0000000086e00000, 0x0000000086e00000| Complete 
|  87|0x0000000086f00000, 0x0000000087000000, 0x0000000087000000|100%| E|CS|TAMS 0x0000000086f00000, 0x0000000086f00000| Complete 
|  88|0x0000000087000000, 0x0000000087100000, 0x0000000087100000|100%| E|CS|TAMS 0x0000000087000000, 0x0000000087000000| Complete 
|  89|0x0000000087100000, 0x0000000087200000, 0x0000000087200000|100%| E|CS|TAMS 0x0000000087100000, 0x0000000087100000| Complete 
| 127|0x0000000089700000, 0x0000000089800000, 0x0000000089800000|100%| E|CS|TAMS 0x0000000089700000, 0x0000000089700000| Complete 

Card table byte_map: [0x0000020e77c50000,0x0000020e78050000] _byte_map_base: 0x0000020e77844000

Marking Bits (Prev, Next): (CMBitMap*) 0x0000020e5e65f048, (CMBitMap*) 0x0000020e5e65f008
 Prev Bits: [0x0000020e7a3f0000, 0x0000020e7c390000)
 Next Bits: [0x0000020e78450000, 0x0000020e7a3f0000)

Polling page: 0x0000020e5e700000

Metaspace:

Usage:
  Non-class:     28.98 MB capacity,    28.32 MB ( 98%) used,   539.89 KB (  2%) free+waste,   127.56 KB ( <1%) overhead. 
      Class:      4.44 MB capacity,     4.04 MB ( 91%) used,   342.00 KB (  8%) free+waste,    61.81 KB (  1%) overhead. 
       Both:     33.41 MB capacity,    32.37 MB ( 97%) used,   881.89 KB (  3%) free+waste,   189.38 KB ( <1%) overhead. 

Virtual space:
  Non-class space:       30.00 MB reserved,      29.17 MB ( 97%) committed 
      Class space:        1.00 GB reserved,       4.50 MB ( <1%) committed 
             Both:        1.03 GB reserved,      33.67 MB (  3%) committed 

Chunk freelists:
   Non-Class:  1.13 KB
       Class:  0 bytes
        Both:  1.13 KB

CodeHeap 'non-profiled nmethods': size=120064Kb used=1840Kb max_used=2125Kb free=118223Kb
 bounds [0x0000020e6fcf0000, 0x0000020e6ff60000, 0x0000020e77230000]
CodeHeap 'profiled nmethods': size=120000Kb used=7011Kb max_used=7886Kb free=112988Kb
 bounds [0x0000020e687c0000, 0x0000020e68f80000, 0x0000020e6fcf0000]
CodeHeap 'non-nmethods': size=5696Kb used=1275Kb max_used=1324Kb free=4420Kb
 bounds [0x0000020e68230000, 0x0000020e684a0000, 0x0000020e687c0000]
 total_blobs=4680 nmethods=2995 adapters=445
 compilation: enabled
              stopped_count=0, restarted_count=0
 full_count=0

Compilation events (10 events):
Event: 10.605 Thread 0x0000020e7e9ce000 3457       3       java.lang.reflect.Constructor::checkCanSetAccessible (29 bytes)
Event: 10.605 Thread 0x0000020e7e9ce000 nmethod 3457 0x0000020e687d6910 code [0x0000020e687d6b00, 0x0000020e687d6e60]
Event: 10.606 Thread 0x0000020e7e9ce000 3458       3       java.lang.invoke.MethodHandles::constant (87 bytes)
Event: 10.608 Thread 0x0000020e7e9ce000 nmethod 3458 0x0000020e68881410 code [0x0000020e68881740, 0x0000020e68882740]
Event: 10.610 Thread 0x0000020e7e9ce000 3459       2       jdk.internal.loader.BuiltinClassLoader::findLoadedModule (33 bytes)
Event: 10.611 Thread 0x0000020e7e9ce000 nmethod 3459 0x0000020e687f9b90 code [0x0000020e687f9d80, 0x0000020e687fa080]
Event: 10.612 Thread 0x0000020e7e9ce000 3460       3       java.lang.ThreadLocal$ThreadLocalMap::set (136 bytes)
Event: 10.613 Thread 0x0000020e7e9ce000 nmethod 3460 0x0000020e6882d210 code [0x0000020e6882d480, 0x0000020e6882e150]
Event: 10.616 Thread 0x0000020e7e9ce000 3461       3       io.netty.util.AsciiString::<init> (131 bytes)
Event: 10.620 Thread 0x0000020e7e9ce000 nmethod 3461 0x0000020e68891c10 code [0x0000020e68891f80, 0x0000020e68893380]

GC Heap History (10 events):
Event: 5.032 GC heap before
{Heap before GC invocations=6 (full 0):
 garbage-first heap   total 41984K, used 26857K [0x0000000081800000, 0x0000000100000000)
  region size 1024K, 21 young (21504K), 3 survivors (3072K)
 Metaspace       used 24053K, capacity 24748K, committed 24880K, reserved 1071104K
  class space    used 2917K, capacity 3180K, committed 3200K, reserved 1048576K
}
Event: 5.040 GC heap after
{Heap after GC invocations=7 (full 0):
 garbage-first heap   total 41984K, used 9838K [0x0000000081800000, 0x0000000100000000)
  region size 1024K, 2 young (2048K), 2 survivors (2048K)
 Metaspace       used 24053K, capacity 24748K, committed 24880K, reserved 1071104K
  class space    used 2917K, capacity 3180K, committed 3200K, reserved 1048576K
}
Event: 5.422 GC heap before
{Heap before GC invocations=7 (full 0):
 garbage-first heap   total 41984K, used 29294K [0x0000000081800000, 0x0000000100000000)
  region size 1024K, 21 young (21504K), 2 survivors (2048K)
 Metaspace       used 25630K, capacity 26408K, committed 26672K, reserved 1073152K
  class space    used 3110K, capacity 3430K, committed 3456K, reserved 1048576K
}
Event: 5.430 GC heap after
{Heap after GC invocations=8 (full 0):
 garbage-first heap   total 41984K, used 10348K [0x0000000081800000, 0x0000000100000000)
  region size 1024K, 2 young (2048K), 2 survivors (2048K)
 Metaspace       used 25630K, capacity 26408K, committed 26672K, reserved 1073152K
  class space    used 3110K, capacity 3430K, committed 3456K, reserved 1048576K
}
Event: 5.798 GC heap before
{Heap before GC invocations=8 (full 0):
 garbage-first heap   total 41984K, used 29804K [0x0000000081800000, 0x0000000100000000)
  region size 1024K, 21 young (21504K), 2 survivors (2048K)
 Metaspace       used 26973K, capacity 27803K, committed 27952K, reserved 1073152K
  class space    used 3337K, capacity 3682K, committed 3712K, reserved 1048576K
}
Event: 5.806 GC heap after
{Heap after GC invocations=9 (full 0):
 garbage-first heap   total 41984K, used 10971K [0x0000000081800000, 0x0000000100000000)
  region size 1024K, 2 young (2048K), 2 survivors (2048K)
 Metaspace       used 26973K, capacity 27803K, committed 27952K, reserved 1073152K
  class space    used 3337K, capacity 3682K, committed 3712K, reserved 1048576K
}
Event: 6.482 GC heap before
{Heap before GC invocations=9 (full 0):
 garbage-first heap   total 41984K, used 30427K [0x0000000081800000, 0x0000000100000000)
  region size 1024K, 21 young (21504K), 2 survivors (2048K)
 Metaspace       used 29023K, capacity 29988K, committed 30128K, reserved 1075200K
  class space    used 3611K, capacity 4007K, committed 4096K, reserved 1048576K
}
Event: 6.488 GC heap after
{Heap after GC invocations=10 (full 0):
 garbage-first heap   total 51200K, used 11650K [0x0000000081800000, 0x0000000100000000)
  region size 1024K, 2 young (2048K), 2 survivors (2048K)
 Metaspace       used 29023K, capacity 29988K, committed 30128K, reserved 1075200K
  class space    used 3611K, capacity 4007K, committed 4096K, reserved 1048576K
}
Event: 10.174 GC heap before
{Heap before GC invocations=10 (full 0):
 garbage-first heap   total 51200K, used 34178K [0x0000000081800000, 0x0000000100000000)
  region size 1024K, 24 young (24576K), 2 survivors (2048K)
 Metaspace       used 31222K, capacity 32240K, committed 32432K, reserved 1077248K
  class space    used 3889K, capacity 4288K, committed 4352K, reserved 1048576K
}
Event: 10.179 GC heap after
{Heap after GC invocations=11 (full 0):
 garbage-first heap   total 51200K, used 12350K [0x0000000081800000, 0x0000000100000000)
  region size 1024K, 2 young (2048K), 2 survivors (2048K)
 Metaspace       used 31222K, capacity 32240K, committed 32432K, reserved 1077248K
  class space    used 3889K, capacity 4288K, committed 4352K, reserved 1048576K
}

Deoptimization events (10 events):
Event: 7.075 Thread 0x0000020e5e61f800 Uncommon trap: reason=profile_predicate action=maybe_recompile pc=0x0000020e6fef2ae4 method=java.lang.PublicMethods$MethodList.filter([Ljava/lang/reflect/Method;Ljava/lang/String;[Ljava/lang/Class;Z)Ljava/lang/PublicMethods$MethodList; @ 21 c2
Event: 7.075 Thread 0x0000020e5e61f800 Uncommon trap: reason=profile_predicate action=maybe_recompile pc=0x0000020e6fef2ae4 method=java.lang.PublicMethods$MethodList.filter([Ljava/lang/reflect/Method;Ljava/lang/String;[Ljava/lang/Class;Z)Ljava/lang/PublicMethods$MethodList; @ 21 c2
Event: 7.076 Thread 0x0000020e5e61f800 Uncommon trap: reason=profile_predicate action=maybe_recompile pc=0x0000020e6fef2ae4 method=java.lang.PublicMethods$MethodList.filter([Ljava/lang/reflect/Method;Ljava/lang/String;[Ljava/lang/Class;Z)Ljava/lang/PublicMethods$MethodList; @ 21 c2
Event: 7.076 Thread 0x0000020e5e61f800 Uncommon trap: reason=unstable_if action=reinterpret pc=0x0000020e6fe6e1a0 method=org.eclipse.jdt.launching.internal.org.objectweb.asm.ClassReader.accept(Lorg/eclipse/jdt/launching/internal/org/objectweb/asm/ClassVisitor;[Lorg/eclipse/jdt/launching/intern
Event: 7.108 Thread 0x0000020e5e61f800 Uncommon trap: reason=unstable_if action=reinterpret pc=0x0000020e6fd92e28 method=org.springframework.util.ConcurrentReferenceHashMap$Segment.clear()V @ 7 c2
Event: 10.000 Thread 0x0000020e7f3ea800 Uncommon trap: reason=unstable_if action=reinterpret pc=0x0000020e6fe3e268 method=java.util.concurrent.ConcurrentHashMap.putVal(Ljava/lang/Object;Ljava/lang/Object;Z)Ljava/lang/Object; @ 97 c2
Event: 10.169 Thread 0x0000020e7f3f1000 Uncommon trap: reason=class_check action=maybe_recompile pc=0x0000020e6fe15588 method=java.nio.DirectByteBuffer.<init>(Lsun/nio/ch/DirectBuffer;IIIII)V @ 12 c2
Event: 10.169 Thread 0x0000020e7f3ea800 Uncommon trap: reason=class_check action=maybe_recompile pc=0x0000020e6fe15588 method=java.nio.DirectByteBuffer.<init>(Lsun/nio/ch/DirectBuffer;IIIII)V @ 12 c2
Event: 10.361 Thread 0x0000020e7f3f1000 Uncommon trap: reason=unstable_if action=reinterpret pc=0x0000020e6fec5a7c method=java.lang.String.hashCode()I @ 22 c2
Event: 10.626 Thread 0x0000020e7f3f1000 Uncommon trap: reason=class_check action=maybe_recompile pc=0x0000020e6fe15588 method=java.nio.DirectByteBuffer.<init>(Lsun/nio/ch/DirectBuffer;IIIII)V @ 12 c2

Classes redefined (0 events):
No events

Internal exceptions (10 events):
Event: 6.069 Thread 0x0000020e5e61f800 Exception <a 'java/lang/NoSuchMethodError'{0x00000000833b6df0}: java.lang.invoke.DirectMethodHandle$Holder.invokeStaticInit(Ljava/lang/Object;IIII)Ljava/lang/Object;> (0x00000000833b6df0) thrown at [t:/workspace/open/src/hotspot/share/interpreter/linkReso
Event: 6.427 Thread 0x0000020e5e61f800 Exception <a 'java/lang/NoSuchMethodError'{0x0000000083277170}: java.lang.invoke.DirectMethodHandle$Holder.invokeStaticInit(Ljava/lang/Object;Ljava/lang/Object;IIII)Ljava/lang/Object;> (0x0000000083277170) thrown at [t:/workspace/open/src/hotspot/share/in
Event: 6.442 Thread 0x0000020e5e61f800 Exception <a 'java/lang/UnsatisfiedLinkError'{0x000000008314a038}: io.netty.channel.epoll.Native.offsetofEpollData()I> (0x000000008314a038) thrown at [t:/workspace/open/src/hotspot/share/prims/nativeLookup.cpp, line 382]
Event: 6.445 Thread 0x0000020e5e61f800 Exception <a 'java/lang/ExceptionInInitializerError'{0x000000008314ba48}> (0x000000008314ba48) thrown at [t:/workspace/open/src/hotspot/share/oops/instanceKlass.cpp, line 1058]
Event: 6.503 Thread 0x0000020e5e61f800 Exception <a 'java/lang/NoSuchMethodError'{0x000000008979a320}: java.lang.invoke.DirectMethodHandle$Holder.invokeStatic(Ljava/lang/Object;Ljava/lang/Object;ILjava/lang/Object;)Ljava/lang/Object;> (0x000000008979a320) thrown at [t:/workspace/open/src/hotsp
Event: 6.503 Thread 0x0000020e5e61f800 Exception <a 'java/lang/NoSuchMethodError'{0x000000008979d460}: java.lang.invoke.Invokers$Holder.linkToTargetMethod(Ljava/lang/Object;ILjava/lang/Object;Ljava/lang/Object;)Ljava/lang/Object;> (0x000000008979d460) thrown at [t:/workspace/open/src/hotspot/s
Event: 9.989 Thread 0x0000020e7f3ea800 Exception <a 'java/lang/NoSuchMethodError'{0x0000000083d47e80}: java.lang.invoke.DirectMethodHandle$Holder.invokeStaticInit(Ljava/lang/Object;Ljava/lang/Object;Ljava/lang/Object;Ljava/lang/Object;)Ljava/lang/Object;> (0x0000000083d47e80) thrown at [t:/wor
Event: 10.227 Thread 0x0000020e7f3f1000 Exception <a 'java/lang/NoSuchMethodError'{0x0000000087078370}: java.lang.invoke.DirectMethodHandle$Holder.invokeStaticInit(Ljava/lang/Object;)V> (0x0000000087078370) thrown at [t:/workspace/open/src/hotspot/share/interpreter/linkResolver.cpp, line 777]
Event: 10.471 Thread 0x0000020e7f3f1000 Exception <a 'java/lang/NoSuchMethodError'{0x0000000083d84d80}: java.lang.invoke.Invokers$Holder.linkToTargetMethod(Ljava/lang/Object;Ljava/lang/Object;Ljava/lang/Object;Ljava/lang/Object;Ljava/lang/Object;Ljava/lang/Object;Ljava/lang/Object;)Ljava/lang/O
Event: 10.602 Thread 0x0000020e7f3f1000 Exception <a 'java/lang/NoSuchMethodError'{0x00000000838ce770}: java.lang.invoke.DirectMethodHandle$Holder.invokeSpecialIFC(Ljava/lang/Object;Ljava/lang/Object;Ljava/lang/Object;Ljava/lang/Object;)V> (0x00000000838ce770) thrown at [t:/workspace/open/src/h

Events (10 events):
Event: 10.663 loading class io/netty/handler/codec/http/DefaultHttpContent
Event: 10.663 loading class io/netty/handler/codec/http/DefaultHttpContent done
Event: 10.664 loading class io/netty/handler/codec/http/DefaultLastHttpContent$TrailingHttpHeaders
Event: 10.664 loading class io/netty/handler/codec/http/DefaultLastHttpContent$TrailingHttpHeaders done
Event: 10.666 loading class io/netty/handler/codec/http/DefaultLastHttpContent$TrailingHttpHeaders$1
Event: 10.666 loading class io/netty/handler/codec/http/DefaultLastHttpContent$TrailingHttpHeaders$1 done
Event: 10.666 loading class io/netty/handler/codec/http/LastHttpContent$1
Event: 10.666 loading class io/netty/handler/codec/http/LastHttpContent$1 done
Event: 10.671 loading class reactor/core/publisher/Sinks$EmitResult
Event: 10.671 loading class reactor/core/publisher/Sinks$EmitResult done


Dynamic libraries:
0x00007ff6ad720000 - 0x00007ff6ad72f000 	C:\Program Files\Java\jdk-12.0.2\bin\javaw.exe
0x00007ff9264d0000 - 0x00007ff9266c5000 	C:\WINDOWS\SYSTEM32\ntdll.dll
0x00007ff925930000 - 0x00007ff9259ee000 	C:\WINDOWS\System32\KERNEL32.DLL
0x00007ff923be0000 - 0x00007ff923ea8000 	C:\WINDOWS\System32\KERNELBASE.dll
0x00007ff9242e0000 - 0x00007ff9243e0000 	C:\WINDOWS\System32\ucrtbase.dll
0x00007ff91e2f0000 - 0x00007ff91e306000 	C:\Program Files\Java\jdk-12.0.2\bin\VCRUNTIME140.dll
0x00007ff91d910000 - 0x00007ff91d928000 	C:\Program Files\Java\jdk-12.0.2\bin\jli.dll
0x00007ff924800000 - 0x00007ff9248ae000 	C:\WINDOWS\System32\ADVAPI32.dll
0x00007ff9248b0000 - 0x00007ff92494e000 	C:\WINDOWS\System32\msvcrt.dll
0x00007ff925b00000 - 0x00007ff925b9c000 	C:\WINDOWS\System32\sechost.dll
0x00007ff924950000 - 0x00007ff924a75000 	C:\WINDOWS\System32\RPCRT4.dll
0x00007ff925c70000 - 0x00007ff925e11000 	C:\WINDOWS\System32\USER32.dll
0x00007ff9243e0000 - 0x00007ff924402000 	C:\WINDOWS\System32\win32u.dll
0x00007ff9257a0000 - 0x00007ff9257cb000 	C:\WINDOWS\System32\GDI32.dll
0x00007ff9102b0000 - 0x00007ff91054a000 	C:\WINDOWS\WinSxS\amd64_microsoft.windows.common-controls_6595b64144ccf1df_6.0.19041.1110_none_60b5254171f9507e\COMCTL32.dll
0x00007ff923eb0000 - 0x00007ff923fbd000 	C:\WINDOWS\System32\gdi32full.dll
0x00007ff924470000 - 0x00007ff92450d000 	C:\WINDOWS\System32\msvcp_win.dll
0x00007ff9147b0000 - 0x00007ff9147ba000 	C:\WINDOWS\SYSTEM32\VERSION.dll
0x00007ff924a80000 - 0x00007ff924ab0000 	C:\WINDOWS\System32\IMM32.DLL
0x00007ff90c930000 - 0x00007ff90c9da000 	C:\Program Files\Java\jdk-12.0.2\bin\msvcp140.dll
0x00007ff8cd590000 - 0x00007ff8ce107000 	C:\Program Files\Java\jdk-12.0.2\bin\server\jvm.dll
0x00007ff925920000 - 0x00007ff925928000 	C:\WINDOWS\System32\PSAPI.DLL
0x00007ff912830000 - 0x00007ff912857000 	C:\WINDOWS\SYSTEM32\WINMM.dll
0x00007ff9123e0000 - 0x00007ff9123e9000 	C:\WINDOWS\SYSTEM32\WSOCK32.dll
0x00007ff925c00000 - 0x00007ff925c6b000 	C:\WINDOWS\System32\ws2_32.DLL
0x00007ff921ad0000 - 0x00007ff921ae2000 	C:\WINDOWS\SYSTEM32\kernel.appcore.dll
0x00007ff91eb40000 - 0x00007ff91eb51000 	C:\Program Files\Java\jdk-12.0.2\bin\verify.dll
0x00007ff913ee0000 - 0x00007ff9140c4000 	C:\WINDOWS\SYSTEM32\DBGHELP.DLL
0x00007ff913d50000 - 0x00007ff913d7c000 	C:\WINDOWS\SYSTEM32\dbgcore.DLL
0x00007ff923fc0000 - 0x00007ff924042000 	C:\WINDOWS\System32\bcryptPrimitives.dll
0x00007ff90d190000 - 0x00007ff90d1b6000 	C:\Program Files\Java\jdk-12.0.2\bin\java.dll
0x00007ff90d770000 - 0x00007ff90d7a8000 	C:\Program Files\Java\jdk-12.0.2\bin\jdwp.dll
0x00007ff91d900000 - 0x00007ff91d90e000 	C:\Program Files\Java\jdk-12.0.2\bin\instrument.dll
0x00007ff90eab0000 - 0x00007ff90eac7000 	C:\Program Files\Java\jdk-12.0.2\bin\zip.dll
0x00007ff921520000 - 0x00007ff92152a000 	C:\Program Files\Java\jdk-12.0.2\bin\jimage.dll
0x00007ff924f30000 - 0x00007ff925674000 	C:\WINDOWS\System32\SHELL32.dll
0x00007ff921cd0000 - 0x00007ff922465000 	C:\WINDOWS\SYSTEM32\windows.storage.dll
0x00007ff925fa0000 - 0x00007ff9262f5000 	C:\WINDOWS\System32\combase.dll
0x00007ff923630000 - 0x00007ff92365e000 	C:\WINDOWS\SYSTEM32\Wldp.dll
0x00007ff925ef0000 - 0x00007ff925f9d000 	C:\WINDOWS\System32\SHCORE.dll
0x00007ff925ba0000 - 0x00007ff925bf5000 	C:\WINDOWS\System32\shlwapi.dll
0x00007ff923b20000 - 0x00007ff923b3f000 	C:\WINDOWS\SYSTEM32\profapi.dll
0x00007ff91d8d0000 - 0x00007ff91d8da000 	C:\Program Files\Java\jdk-12.0.2\bin\dt_socket.dll
0x00007ff923390000 - 0x00007ff9233fa000 	C:\WINDOWS\System32\mswsock.dll
0x00007ff923080000 - 0x00007ff92314b000 	C:\WINDOWS\SYSTEM32\DNSAPI.dll
0x00007ff923030000 - 0x00007ff92306b000 	C:\WINDOWS\SYSTEM32\IPHLPAPI.DLL
0x00007ff925a50000 - 0x00007ff925a58000 	C:\WINDOWS\System32\NSI.dll
0x00007ff916610000 - 0x00007ff91668f000 	C:\WINDOWS\System32\fwpuclnt.dll
0x00007ff924050000 - 0x00007ff924077000 	C:\WINDOWS\System32\bcrypt.dll
0x00007ff916290000 - 0x00007ff91629a000 	C:\Windows\System32\rasadhlp.dll
0x00007ff90d6d0000 - 0x00007ff90d6e9000 	C:\Program Files\Java\jdk-12.0.2\bin\net.dll
0x00007ff916690000 - 0x00007ff91679c000 	C:\WINDOWS\SYSTEM32\WINHTTP.dll
0x00007ff9162d0000 - 0x00007ff9164bb000 	C:\WINDOWS\SYSTEM32\urlmon.dll
0x00007ff916aa0000 - 0x00007ff916d50000 	C:\WINDOWS\SYSTEM32\iertutil.dll
0x00007ff923070000 - 0x00007ff92307c000 	C:\WINDOWS\SYSTEM32\netutils.dll
0x00007ff9162a0000 - 0x00007ff9162c8000 	C:\WINDOWS\SYSTEM32\srvcli.dll
0x00007ff9090f0000 - 0x00007ff909103000 	C:\Program Files\Java\jdk-12.0.2\bin\nio.dll
0x00007ff91c850000 - 0x00007ff91c859000 	C:\Program Files\Java\jdk-12.0.2\bin\management.dll
0x00007ff90d720000 - 0x00007ff90d72c000 	C:\Program Files\Java\jdk-12.0.2\bin\management_ext.dll
0x00007ff911bd0000 - 0x00007ff911be7000 	C:\WINDOWS\system32\napinsp.dll
0x00007ff911b80000 - 0x00007ff911b9b000 	C:\WINDOWS\system32\pnrpnsp.dll
0x00007ff911b60000 - 0x00007ff911b75000 	C:\WINDOWS\system32\wshbth.dll
0x00007ff91f600000 - 0x00007ff91f61d000 	C:\WINDOWS\system32\NLAapi.dll
0x00007ff911b40000 - 0x00007ff911b52000 	C:\WINDOWS\System32\winrnr.dll
0x00007ff923590000 - 0x00007ff9235a8000 	C:\WINDOWS\SYSTEM32\CRYPTSP.dll
0x00007ff922ca0000 - 0x00007ff922cd4000 	C:\WINDOWS\system32\rsaenh.dll
0x00007ff923ae0000 - 0x00007ff923b0e000 	C:\WINDOWS\SYSTEM32\USERENV.dll
0x00007ff923580000 - 0x00007ff92358c000 	C:\WINDOWS\SYSTEM32\CRYPTBASE.dll
0x00007ff91cf20000 - 0x00007ff91cf37000 	C:\WINDOWS\SYSTEM32\dhcpcsvc6.DLL
0x00007ff91cff0000 - 0x00007ff91d00d000 	C:\WINDOWS\SYSTEM32\dhcpcsvc.DLL

dbghelp: loaded successfully - version: 4.0.5 - missing functions: none
symbol engine: initialized successfully - sym options: 0x614 - pdb path: .;C:\Program Files\Java\jdk-12.0.2\bin;C:\WINDOWS\SYSTEM32;C:\WINDOWS\WinSxS\amd64_microsoft.windows.common-controls_6595b64144ccf1df_6.0.19041.1110_none_60b5254171f9507e;C:\Program Files\Java\jdk-12.0.2\bin\server

VM Arguments:
jvm_args: -agentlib:jdwp=transport=dt_socket,suspend=y,address=localhost:61114 -javaagent:C:\Users\user\eclipse\java-2021-06\eclipse\configuration\org.eclipse.osgi\222\0\.cp\lib\javaagent-shaded.jar -Dfile.encoding=UTF-8 
java_command: com.basic.udmy.webflux.WebfluxApplication
java_class_path (initial): C:\Users\user\Documents\idiot@dreaming\learning\webflux\target\classes;C:\Users\user\.m2\repository\org\springframework\boot\spring-boot-starter-webflux\2.6.4\spring-boot-starter-webflux-2.6.4.jar;C:\Users\user\.m2\repository\org\springframework\boot\spring-boot-starter\2.6.4\spring-boot-starter-2.6.4.jar;C:\Users\user\.m2\repository\org\springframework\boot\spring-boot\2.6.4\spring-boot-2.6.4.jar;C:\Users\user\.m2\repository\org\springframework\spring-context\5.3.16\spring-context-5.3.16.jar;C:\Users\user\.m2\repository\org\springframework\spring-aop\5.3.16\spring-aop-5.3.16.jar;C:\Users\user\.m2\repository\org\springframework\spring-expression\5.3.16\spring-expression-5.3.16.jar;C:\Users\user\.m2\repository\org\springframework\boot\spring-boot-autoconfigure\2.6.4\spring-boot-autoconfigure-2.6.4.jar;C:\Users\user\.m2\repository\org\springframework\boot\spring-boot-starter-logging\2.6.4\spring-boot-starter-logging-2.6.4.jar;C:\Users\user\.m2\repository\ch\qos\logback\logback-classic\1.2.10\logback-classic-1.2.10.jar;C:\Users\user\.m2\repository\ch\qos\logback\logback-core\1.2.10\logback-core-1.2.10.jar;C:\Users\user\.m2\repository\org\apache\logging\log4j\log4j-to-slf4j\2.17.1\log4j-to-slf4j-2.17.1.jar;C:\Users\user\.m2\repository\org\apache\logging\log4j\log4j-api\2.17.1\log4j-api-2.17.1.jar;C:\Users\user\.m2\repository\org\slf4j\jul-to-slf4j\1.7.36\jul-to-slf4j-1.7.36.jar;C:\Users\user\.m2\repository\jakarta\annotation\jakarta.annotation-api\1.3.5\jakarta.annotation-api-1.3.5.jar;C:\Users\user\.m2\repository\org\yaml\snakeyaml\1.29\snakeyaml-1.29.jar;C:\Users\user\.m2\repository\org\springframework\boot\spring-boot-starter-json\2.6.4\spring-boot-starter-json-2.6.4.jar;C:\Users\user\.m2\repository\com\fasterxml\jackson\core\jackson-databind\2.13.1\jackson-databind-2.13.1.jar;C:\Users\user\.m2\repository\com\fasterxml\jackson\core\jackson-annotations\2.13.1\jackson-annotations-2.13.1.jar;C:\Users\user\.m2\repository\com\fasterxml\jackson
Launcher Type: SUN_STANDARD

[Global flags]
     intx CICompilerCount                          = 3                                         {product} {ergonomic}
     uint ConcGCThreads                            = 1                                         {product} {ergonomic}
     uint G1ConcRefinementThreads                  = 4                                         {product} {ergonomic}
   size_t G1HeapRegionSize                         = 1048576                                   {product} {ergonomic}
    uintx GCDrainStackTargetSize                   = 64                                        {product} {ergonomic}
   size_t InitialHeapSize                          = 134217728                                 {product} {ergonomic}
   size_t MarkStackSize                            = 4194304                                   {product} {ergonomic}
   size_t MaxHeapSize                              = 2122317824                                {product} {ergonomic}
   size_t MaxNewSize                               = 1272971264                                {product} {ergonomic}
   size_t MinHeapDeltaBytes                        = 1048576                                   {product} {ergonomic}
    uintx NonNMethodCodeHeapSize                   = 5830732                                {pd product} {ergonomic}
    uintx NonProfiledCodeHeapSize                  = 122913754                              {pd product} {ergonomic}
    uintx ProfiledCodeHeapSize                     = 122913754                              {pd product} {ergonomic}
    uintx ReservedCodeCacheSize                    = 251658240                              {pd product} {ergonomic}
     bool SegmentedCodeCache                       = true                                      {product} {ergonomic}
     bool UseCompressedClassPointers               = true                                 {lp64_product} {ergonomic}
     bool UseCompressedOops                        = true                                 {lp64_product} {ergonomic}
     bool UseG1GC                                  = true                                      {product} {ergonomic}
     bool UseLargePagesIndividualAllocation        = false                                  {pd product} {ergonomic}

Logging:
Log output configuration:
 #0: stdout all=warning uptime,level,tags
 #1: stderr all=off uptime,level,tags

Environment Variables:
PATH=C:/Program Files/Java/jdk-12.0.2/bin/server;C:/Program Files/Java/jdk-12.0.2/bin;C:\Program Files\Python39\Scripts\;C:\Program Files\Python39\;C:\Program Files (x86)\Common Files\Oracle\Java\javapath;C:\WINDOWS\system32;C:\WINDOWS;C:\WINDOWS\System32\Wbem;C:\WINDOWS\System32\WindowsPowerShell\v1.0\;C:\WINDOWS\System32\OpenSSH\;C:\Program Files\TortoiseGit\bin;C:\Program Files\Git\cmd;C:\Users\user\AppData\Local\Microsoft\WindowsApps;%USERPROFILE%\AppData\Local\Microsoft\WindowsApps;;C:\Users\user\eclipse\java-2021-06\eclipse;
USERNAME=user
OS=Windows_NT
PROCESSOR_IDENTIFIER=Intel64 Family 6 Model 69 Stepping 1, GenuineIntel



---------------  S Y S T E M  ---------------

OS: Windows 10 , 64 bit Build 19041 (10.0.19041.1466)

CPU:total 4 (initial active 4) (2 cores per cpu, 2 threads per core) family 6 model 69 stepping 1, cmov, cx8, fxsr, mmx, sse, sse2, sse3, ssse3, sse4.1, sse4.2, popcnt, avx, avx2, aes, clmul, erms, lzcnt, ht, tsc, tscinvbit, bmi1, bmi2, fma

Memory: 4k page, system-wide physical 8088M (706M free)
TotalPageFile size 22221M (AvailPageFile size 3M)
current process WorkingSet (physical memory assigned to process): 284M, peak: 284M
current process commit charge ("private bytes"): 322M, peak: 322M

vm_info: Java HotSpot(TM) 64-Bit Server VM (12.0.2+10) for windows-amd64 JRE (12.0.2+10), built on Jul 16 2019 01:56:17 by "mach5one" with MS VC++ 15.5 (VS2017)

END.
